{
  "stats": {
    "suites": 1,
    "tests": 1,
    "passes": 1,
    "pending": 0,
    "failures": 0,
    "start": "2021-06-11T21:26:40.959Z",
    "end": "2021-06-11T21:26:56.393Z",
    "duration": 15434,
    "testsRegistered": 1,
    "passPercent": 100,
    "pendingPercent": 0,
    "other": 0,
    "hasOther": false,
    "skipped": 0,
    "hasSkipped": false
  },
  "results": [
    {
      "uuid": "6dae2348-803d-46ba-bf16-8c095219c385",
      "title": "",
      "fullFile": "cypress/integration/examples/HandlingAlertsPopup.js",
      "file": "cypress/integration/examples/HandlingAlertsPopup.js",
      "beforeHooks": [],
      "afterHooks": [],
      "tests": [],
      "suites": [
        {
          "uuid": "12bcf41d-2ef6-4164-a793-4c457a8bc6c3",
          "title": "HandlingAlerts",
          "fullFile": "",
          "file": "",
          "beforeHooks": [],
          "afterHooks": [],
          "tests": [
            {
              "title": "Test case",
              "fullTitle": "HandlingAlerts Test case",
              "timedOut": null,
              "duration": 13371,
              "state": "passed",
              "speed": "slow",
              "pass": true,
              "fail": false,
              "pending": false,
              "context": null,
              "code": "cy.visit(\"https://rahulshettyacademy.com/AutomationPractice/\");\ncy.get('#name').as('sendText');\ncy.get('@sendText').type('Ashish');\ncy.get('#alertbtn').click();\ncy.on('window:alert', str => {\n  expect(str).to.equal('Hello Ashish, share this practice page and share your knowledge');\n});\ncy.wait(3000); //cy.get('@sendText')\ncy.get('@sendText').type('Ashish');\ncy.get('#confirmbtn').click();\ncy.on('window:confirm', str => {\n  expect(str).to.equal('Hello Ashish, Are you sure you want to confirm?');\n});",
              "err": {},
              "uuid": "6cc1adbd-1fa3-4379-ab9d-3357e5af143e",
              "parentUUID": "12bcf41d-2ef6-4164-a793-4c457a8bc6c3",
              "isHook": false,
              "skipped": false
            }
          ],
          "suites": [],
          "passes": [
            "6cc1adbd-1fa3-4379-ab9d-3357e5af143e"
          ],
          "failures": [],
          "pending": [],
          "skipped": [],
          "duration": 13371,
          "root": false,
          "rootEmpty": false,
          "_timeout": 2000
        }
      ],
      "passes": [],
      "failures": [],
      "pending": [],
      "skipped": [],
      "duration": 0,
      "root": true,
      "rootEmpty": true,
      "_timeout": 2000
    }
  ],
  "meta": {
    "mocha": {
      "version": "7.0.1"
    },
    "mochawesome": {
      "options": {
        "quiet": false,
        "reportFilename": "mochawesome",
        "saveHtml": true,
        "saveJson": true,
        "consoleReporter": "spec",
        "useInlineDiffs": false,
        "code": true
      },
      "version": "6.2.2"
    },
    "marge": {
      "options": null,
      "version": "5.2.0"
    }
  }
}