{
  "stats": {
    "suites": 1,
    "tests": 2,
    "passes": 2,
    "pending": 0,
    "failures": 0,
    "start": "2021-06-12T19:31:22.695Z",
    "end": "2021-06-12T19:31:40.040Z",
    "duration": 17345,
    "testsRegistered": 2,
    "passPercent": 100,
    "pendingPercent": 0,
    "other": 0,
    "hasOther": false,
    "skipped": 0,
    "hasSkipped": false
  },
  "results": [
    {
      "uuid": "ebeca052-b961-4c5b-8044-102793c36398",
      "title": "",
      "fullFile": "cypress/integration/examples/CucumberBDD/mobilekart.feature",
      "file": "cypress/integration/examples/CucumberBDD/mobilekart.feature",
      "beforeHooks": [],
      "afterHooks": [],
      "tests": [],
      "suites": [
        {
          "uuid": "8692fcea-dc6c-4680-82c3-973234866861",
          "title": "End to End Mobilekart validation",
          "fullFile": "",
          "file": "",
          "beforeHooks": [],
          "afterHooks": [],
          "tests": [
            {
              "title": "checkout flow",
              "fullTitle": "End to End Mobilekart validation checkout flow",
              "timedOut": null,
              "duration": 11499,
              "state": "passed",
              "speed": "slow",
              "pass": true,
              "fail": false,
              "pending": false,
              "context": null,
              "code": "const state = window.testState;\nreturn cy\n  .then(() => state.onStartScenario(scenario, indexedSteps))\n  .then(() =>\n    resolveAndRunBeforeHooks.call(this, scenario.tags, state.feature.name)\n  )\n  .then(() =>\n    indexedSteps.forEach((step) =>\n      stepTest.call(this, state, step, rowData)\n    )\n  )\n  .then(() => state.onFinishScenario(scenario));",
              "err": {},
              "uuid": "ff966d3a-00f4-47c7-bf04-a1ddcd2b0eb6",
              "parentUUID": "8692fcea-dc6c-4680-82c3-973234866861",
              "isHook": false,
              "skipped": false
            },
            {
              "title": "home page flow",
              "fullTitle": "End to End Mobilekart validation home page flow",
              "timedOut": null,
              "duration": 1351,
              "state": "passed",
              "speed": "slow",
              "pass": true,
              "fail": false,
              "pending": false,
              "context": null,
              "code": "const state = window.testState;\nreturn cy\n  .then(() => state.onStartScenario(scenario, indexedSteps))\n  .then(() =>\n    resolveAndRunBeforeHooks.call(this, scenario.tags, state.feature.name)\n  )\n  .then(() =>\n    indexedSteps.forEach((step) =>\n      stepTest.call(this, state, step, rowData)\n    )\n  )\n  .then(() => state.onFinishScenario(scenario));",
              "err": {},
              "uuid": "4c23c402-f045-41bd-9201-834a4341473f",
              "parentUUID": "8692fcea-dc6c-4680-82c3-973234866861",
              "isHook": false,
              "skipped": false
            }
          ],
          "suites": [],
          "passes": [
            "ff966d3a-00f4-47c7-bf04-a1ddcd2b0eb6",
            "4c23c402-f045-41bd-9201-834a4341473f"
          ],
          "failures": [],
          "pending": [],
          "skipped": [],
          "duration": 12850,
          "root": false,
          "rootEmpty": false,
          "_timeout": 2000
        }
      ],
      "passes": [],
      "failures": [],
      "pending": [],
      "skipped": [],
      "duration": 0,
      "root": true,
      "rootEmpty": true,
      "_timeout": 2000
    }
  ],
  "meta": {
    "mocha": {
      "version": "7.0.1"
    },
    "mochawesome": {
      "options": {
        "quiet": false,
        "reportFilename": "mochawesome",
        "saveHtml": true,
        "saveJson": true,
        "consoleReporter": "spec",
        "useInlineDiffs": false,
        "code": true
      },
      "version": "6.2.2"
    },
    "marge": {
      "options": null,
      "version": "5.2.0"
    }
  }
}